<?xml version="1.0" encoding="UTF-8"?>
<!-- Generated by org.testng.reporters.JUnitReportReporter -->
<testsuite hostname="DESKTOP-1NV6O7N" failures="0" tests="1" name="Log4j_Demo_.sanity_test" time="38.886" errors="0" timestamp="29 Nov 2022 16:49:40 GMT" skipped="0">
  <testcase classname="Log4j_Demo_.sanity_test" name="TC01" time="38.886"/>
</testsuite> <!-- Log4j_Demo_.sanity_test -->
